<?xml version="1.0" encoding="UTF-8"?>
<!-- Generated by org.testng.reporters.JUnitReportReporter -->
<testsuite skipped="0" hostname="ip-172-31-12-254" name="Test.Testcase1" tests="1" failures="0" timestamp="24 Feb 2021 07:22:50 GMT" time="9.657" errors="0">
  <testcase name="LoginTest" time="9.657" classname="Test.Testcase1"/>
</testsuite> <!-- Test.Testcase1 -->
