<?xml version="1.0" encoding="UTF-8"?>
<!-- Generated by org.testng.reporters.JUnitReportReporter -->
<testsuite skipped="0" hostname="ip-172-31-12-254" name="GitHub.Maven.AppTest" tests="1" failures="0" timestamp="24 Feb 2021 07:29:20 GMT" time="0.001" errors="0">
  <testcase name="testApp" time="0.001" classname="GitHub.Maven.AppTest"/>
</testsuite> <!-- GitHub.Maven.AppTest -->
